<?xml version="1.0" encoding="UTF-8"?>
<robot generator="Robot 6.0.1 (Python 3.11.0 on win32)" generated="20221114 20:01:12.438" rpa="false" schemaversion="3">
<suite id="s1" name="TC1" source="D:\Desktop\Projects\Automation Project\robot_framework_automation\TestCases\TC1.robot">
<test id="s1-t1" name="Verify Swag Labs Page Title Logo &amp; Mascot" line="21">
<kw name="open browser and maximize browser window">
<kw name="Open Browser" library="SeleniumLibrary">
<arg>${url}</arg>
<arg>${browser}</arg>
<doc>Opens a new browser instance to the optional ``url``.</doc>
<msg timestamp="20221114 20:01:12.655" level="INFO">Opening browser 'chrome' to base url 'https://www.saucedemo.com/'.</msg>
<status status="PASS" starttime="20221114 20:01:12.655" endtime="20221114 20:01:14.627"/>
</kw>
<kw name="Maximize Browser Window" library="SeleniumLibrary">
<doc>Maximizes current browser window.</doc>
<status status="PASS" starttime="20221114 20:01:14.627" endtime="20221114 20:01:14.753"/>
</kw>
<status status="PASS" starttime="20221114 20:01:12.654" endtime="20221114 20:01:14.753"/>
</kw>
<kw name="Title Should Be" library="SeleniumLibrary">
<arg>${page_title}</arg>
<doc>Verifies that the current page title equals ``title``.</doc>
<msg timestamp="20221114 20:01:14.759" level="INFO">Page title is 'Swag Labs'.</msg>
<status status="PASS" starttime="20221114 20:01:14.753" endtime="20221114 20:01:14.759"/>
</kw>
<kw name="Page Should Contain Element" library="SeleniumLibrary">
<arg>xpath://div[@class="login_logo"]</arg>
<doc>Verifies that element ``locator`` is found on the current page.</doc>
<msg timestamp="20221114 20:01:14.773" level="INFO">Current page contains element 'xpath://div[@class="login_logo"]'.</msg>
<status status="PASS" starttime="20221114 20:01:14.760" endtime="20221114 20:01:14.773"/>
</kw>
<kw name="Page Should Contain Element" library="SeleniumLibrary">
<arg>xpath://div[@class="bot_column"]</arg>
<doc>Verifies that element ``locator`` is found on the current page.</doc>
<msg timestamp="20221114 20:01:14.786" level="INFO">Current page contains element 'xpath://div[@class="bot_column"]'.</msg>
<status status="PASS" starttime="20221114 20:01:14.774" endtime="20221114 20:01:14.786"/>
</kw>
<status status="PASS" starttime="20221114 20:01:12.654" endtime="20221114 20:01:14.787"/>
</test>
<test id="s1-t2" name="Login Test with No Credentials" line="27">
<kw name="Click Element" library="SeleniumLibrary">
<arg>xpath://input[@value="Login"]</arg>
<doc>Click the element identified by ``locator``.</doc>
<msg timestamp="20221114 20:01:14.789" level="INFO">Clicking element 'xpath://input[@value="Login"]'.</msg>
<status status="PASS" starttime="20221114 20:01:14.788" endtime="20221114 20:01:14.856"/>
</kw>
<kw name="Element Should Be Visible" library="SeleniumLibrary">
<arg>xpath://h3[contains(text(), "Username is required")]</arg>
<doc>Verifies that the element identified by ``locator`` is visible.</doc>
<msg timestamp="20221114 20:01:14.880" level="INFO">Element 'xpath://h3[contains(text(), "Username is required")]' is displayed.</msg>
<status status="PASS" starttime="20221114 20:01:14.857" endtime="20221114 20:01:14.880"/>
</kw>
<kw name="Click Element" library="SeleniumLibrary">
<arg>xpath://h3[contains(text(), "Username is required")]/button</arg>
<doc>Click the element identified by ``locator``.</doc>
<msg timestamp="20221114 20:01:14.881" level="INFO">Clicking element 'xpath://h3[contains(text(), "Username is required")]/button'.</msg>
<status status="PASS" starttime="20221114 20:01:14.881" endtime="20221114 20:01:14.919"/>
</kw>
<kw name="Element Should Not Be Visible" library="SeleniumLibrary">
<arg>xpath://h3[contains(text(), "Username is required")]</arg>
<doc>Verifies that the element identified by ``locator`` is NOT visible.</doc>
<msg timestamp="20221114 20:01:14.928" level="INFO">Element 'xpath://h3[contains(text(), "Username is required")]' did not exist.</msg>
<status status="PASS" starttime="20221114 20:01:14.920" endtime="20221114 20:01:14.928"/>
</kw>
<kw name="Input Text" library="SeleniumLibrary">
<arg>xpath://input[@placeholder="Username"]</arg>
<arg>tester</arg>
<doc>Types the given ``text`` into the text field identified by ``locator``.</doc>
<msg timestamp="20221114 20:01:14.929" level="INFO">Typing text 'tester' into text field 'xpath://input[@placeholder="Username"]'.</msg>
<status status="PASS" starttime="20221114 20:01:14.929" endtime="20221114 20:01:15.006"/>
</kw>
<kw name="Click Element" library="SeleniumLibrary">
<arg>xpath://input[@value="Login"]</arg>
<doc>Click the element identified by ``locator``.</doc>
<msg timestamp="20221114 20:01:15.006" level="INFO">Clicking element 'xpath://input[@value="Login"]'.</msg>
<status status="PASS" starttime="20221114 20:01:15.006" endtime="20221114 20:01:15.036"/>
</kw>
<kw name="Element Should Be Visible" library="SeleniumLibrary">
<arg>xpath://h3[contains(text(), "Password is required")]</arg>
<doc>Verifies that the element identified by ``locator`` is visible.</doc>
<msg timestamp="20221114 20:01:15.057" level="INFO">Element 'xpath://h3[contains(text(), "Password is required")]' is displayed.</msg>
<status status="PASS" starttime="20221114 20:01:15.036" endtime="20221114 20:01:15.057"/>
</kw>
<kw name="Click Element" library="SeleniumLibrary">
<arg>xpath://h3[contains(text(), "Password is required")]/button</arg>
<doc>Click the element identified by ``locator``.</doc>
<msg timestamp="20221114 20:01:15.058" level="INFO">Clicking element 'xpath://h3[contains(text(), "Password is required")]/button'.</msg>
<status status="PASS" starttime="20221114 20:01:15.058" endtime="20221114 20:01:15.094"/>
</kw>
<kw name="Element Should Not Be Visible" library="SeleniumLibrary">
<arg>xpath://h3[contains(text(), "Password is required")]</arg>
<doc>Verifies that the element identified by ``locator`` is NOT visible.</doc>
<msg timestamp="20221114 20:01:15.100" level="INFO">Element 'xpath://h3[contains(text(), "Password is required")]' did not exist.</msg>
<status status="PASS" starttime="20221114 20:01:15.094" endtime="20221114 20:01:15.100"/>
</kw>
<status status="PASS" starttime="20221114 20:01:14.787" endtime="20221114 20:01:15.101"/>
</test>
<test id="s1-t3" name="Login Test with Invalid Credentials" line="38">
<kw name="Input Text" library="SeleniumLibrary">
<arg>xpath://input[@placeholder="Username"]</arg>
<arg>${invalid_username}</arg>
<doc>Types the given ``text`` into the text field identified by ``locator``.</doc>
<msg timestamp="20221114 20:01:15.103" level="INFO">Typing text 'tester' into text field 'xpath://input[@placeholder="Username"]'.</msg>
<status status="PASS" starttime="20221114 20:01:15.102" endtime="20221114 20:01:15.160"/>
</kw>
<kw name="Input Text" library="SeleniumLibrary">
<arg>xpath://input[@placeholder="Password"]</arg>
<arg>${invalid_password}</arg>
<doc>Types the given ``text`` into the text field identified by ``locator``.</doc>
<msg timestamp="20221114 20:01:15.160" level="INFO">Typing text 'password' into text field 'xpath://input[@placeholder="Password"]'.</msg>
<status status="PASS" starttime="20221114 20:01:15.160" endtime="20221114 20:01:15.234"/>
</kw>
<kw name="Click Element" library="SeleniumLibrary">
<arg>xpath://input[@value="Login"]</arg>
<doc>Click the element identified by ``locator``.</doc>
<msg timestamp="20221114 20:01:15.234" level="INFO">Clicking element 'xpath://input[@value="Login"]'.</msg>
<status status="PASS" starttime="20221114 20:01:15.234" endtime="20221114 20:01:15.266"/>
</kw>
<kw name="Element Should Be Visible" library="SeleniumLibrary">
<arg>xpath://h3[contains(text(), "Username and password do not match any user in this service")]</arg>
<doc>Verifies that the element identified by ``locator`` is visible.</doc>
<msg timestamp="20221114 20:01:15.285" level="INFO">Element 'xpath://h3[contains(text(), "Username and password do not match any user in this service")]' is displayed.</msg>
<status status="PASS" starttime="20221114 20:01:15.266" endtime="20221114 20:01:15.285"/>
</kw>
<kw name="Click Element" library="SeleniumLibrary">
<arg>xpath://h3[contains(text(), "Username and password do not match any user in this service")]/button</arg>
<doc>Click the element identified by ``locator``.</doc>
<msg timestamp="20221114 20:01:15.286" level="INFO">Clicking element 'xpath://h3[contains(text(), "Username and password do not match any user in this service")]/button'.</msg>
<status status="PASS" starttime="20221114 20:01:15.285" endtime="20221114 20:01:15.321"/>
</kw>
<kw name="Element Should Not Be Visible" library="SeleniumLibrary">
<arg>xpath://h3[contains(text(), "Username and password do not match any user in this service")]</arg>
<doc>Verifies that the element identified by ``locator`` is NOT visible.</doc>
<msg timestamp="20221114 20:01:15.329" level="INFO">Element 'xpath://h3[contains(text(), "Username and password do not match any user in this service")]' did not exist.</msg>
<status status="PASS" starttime="20221114 20:01:15.322" endtime="20221114 20:01:15.329"/>
</kw>
<status status="PASS" starttime="20221114 20:01:15.102" endtime="20221114 20:01:15.330"/>
</test>
<test id="s1-t4" name="Read and Store Usernames and Password" line="46">
<kw name="Get Text" library="SeleniumLibrary">
<var>${username_text}</var>
<arg>xpath://div/h4[contains(text(), "Accepted usernames are:")]//parent::div</arg>
<doc>Returns the text value of the element identified by ``locator``.</doc>
<msg timestamp="20221114 20:01:15.351" level="INFO">${username_text} = Accepted usernames are:
standard_user
locked_out_user
problem_user
performance_glitch_user</msg>
<status status="PASS" starttime="20221114 20:01:15.331" endtime="20221114 20:01:15.351"/>
</kw>
<kw name="Split String" library="String">
<var>${username_text_split}</var>
<arg>${username_text}</arg>
<arg>\n</arg>
<doc>Splits the ``string`` using ``separator`` as a delimiter string.</doc>
<msg timestamp="20221114 20:01:15.352" level="INFO">${username_text_split} = ['Accepted usernames are:', 'standard_user', 'locked_out_user', 'problem_user', 'performance_glitch_user']</msg>
<status status="PASS" starttime="20221114 20:01:15.352" endtime="20221114 20:01:15.352"/>
</kw>
<kw name="Set Global Variable" library="BuiltIn">
<arg>${standard_username}</arg>
<arg>${username_text_split}[1]</arg>
<doc>Makes a variable available globally in all tests and suites.</doc>
<msg timestamp="20221114 20:01:15.353" level="INFO">${standard_username} = standard_user</msg>
<status status="PASS" starttime="20221114 20:01:15.353" endtime="20221114 20:01:15.353"/>
</kw>
<kw name="Set Global Variable" library="BuiltIn">
<arg>${locked_out_username}</arg>
<arg>${username_text_split}[2]</arg>
<doc>Makes a variable available globally in all tests and suites.</doc>
<msg timestamp="20221114 20:01:15.354" level="INFO">${locked_out_username} = locked_out_user</msg>
<status status="PASS" starttime="20221114 20:01:15.354" endtime="20221114 20:01:15.354"/>
</kw>
<kw name="Get Text" library="SeleniumLibrary">
<var>${password_text}</var>
<arg>xpath://div/h4[contains(text(), "Password for all users:")]//parent::div</arg>
<doc>Returns the text value of the element identified by ``locator``.</doc>
<msg timestamp="20221114 20:01:15.374" level="INFO">${password_text} = Password for all users:
secret_sauce</msg>
<status status="PASS" starttime="20221114 20:01:15.354" endtime="20221114 20:01:15.374"/>
</kw>
<kw name="Split String" library="String">
<var>${password_text_split}</var>
<arg>${password_text}</arg>
<arg>\n</arg>
<doc>Splits the ``string`` using ``separator`` as a delimiter string.</doc>
<msg timestamp="20221114 20:01:15.375" level="INFO">${password_text_split} = ['Password for all users:', 'secret_sauce']</msg>
<status status="PASS" starttime="20221114 20:01:15.375" endtime="20221114 20:01:15.375"/>
</kw>
<kw name="Set Global Variable" library="BuiltIn">
<arg>${password}</arg>
<arg>${password_text_split}[1]</arg>
<doc>Makes a variable available globally in all tests and suites.</doc>
<msg timestamp="20221114 20:01:15.376" level="INFO">${password} = secret_sauce</msg>
<status status="PASS" starttime="20221114 20:01:15.376" endtime="20221114 20:01:15.376"/>
</kw>
<status status="PASS" starttime="20221114 20:01:15.331" endtime="20221114 20:01:15.376"/>
</test>
<test id="s1-t5" name="Login Test with Locked Out Credentials" line="55">
<kw name="Input Text" library="SeleniumLibrary">
<arg>xpath://input[@placeholder="Username"]</arg>
<arg>${locked_out_username}</arg>
<doc>Types the given ``text`` into the text field identified by ``locator``.</doc>
<msg timestamp="20221114 20:01:15.378" level="INFO">Typing text 'locked_out_user' into text field 'xpath://input[@placeholder="Username"]'.</msg>
<status status="PASS" starttime="20221114 20:01:15.378" endtime="20221114 20:01:15.443"/>
</kw>
<kw name="Input Text" library="SeleniumLibrary">
<arg>xpath://input[@placeholder="Password"]</arg>
<arg>${password}</arg>
<doc>Types the given ``text`` into the text field identified by ``locator``.</doc>
<msg timestamp="20221114 20:01:15.444" level="INFO">Typing text 'secret_sauce' into text field 'xpath://input[@placeholder="Password"]'.</msg>
<status status="PASS" starttime="20221114 20:01:15.444" endtime="20221114 20:01:15.504"/>
</kw>
<kw name="Click Element" library="SeleniumLibrary">
<arg>xpath://input[@value="Login"]</arg>
<doc>Click the element identified by ``locator``.</doc>
<msg timestamp="20221114 20:01:15.505" level="INFO">Clicking element 'xpath://input[@value="Login"]'.</msg>
<status status="PASS" starttime="20221114 20:01:15.505" endtime="20221114 20:01:15.537"/>
</kw>
<kw name="Element Should Be Visible" library="SeleniumLibrary">
<arg>xpath://h3[contains(text(), "Sorry, this user has been locked out.")]</arg>
<doc>Verifies that the element identified by ``locator`` is visible.</doc>
<msg timestamp="20221114 20:01:15.556" level="INFO">Element 'xpath://h3[contains(text(), "Sorry, this user has been locked out.")]' is displayed.</msg>
<status status="PASS" starttime="20221114 20:01:15.537" endtime="20221114 20:01:15.556"/>
</kw>
<kw name="Click Element" library="SeleniumLibrary">
<arg>xpath://h3[contains(text(), "Sorry, this user has been locked out.")]/button</arg>
<doc>Click the element identified by ``locator``.</doc>
<msg timestamp="20221114 20:01:15.557" level="INFO">Clicking element 'xpath://h3[contains(text(), "Sorry, this user has been locked out.")]/button'.</msg>
<status status="PASS" starttime="20221114 20:01:15.557" endtime="20221114 20:01:15.593"/>
</kw>
<kw name="Element Should Not Be Visible" library="SeleniumLibrary">
<arg>xpath://h3[contains(text(), "Sorry, this user has been locked out.")]</arg>
<doc>Verifies that the element identified by ``locator`` is NOT visible.</doc>
<msg timestamp="20221114 20:01:15.599" level="INFO">Element 'xpath://h3[contains(text(), "Sorry, this user has been locked out.")]' did not exist.</msg>
<status status="PASS" starttime="20221114 20:01:15.593" endtime="20221114 20:01:15.599"/>
</kw>
<status status="PASS" starttime="20221114 20:01:15.377" endtime="20221114 20:01:15.599"/>
</test>
<test id="s1-t6" name="Login Test with Valid Credentials" line="63">
<kw name="Input Text" library="SeleniumLibrary">
<arg>xpath://input[@placeholder="Username"]</arg>
<arg>${standard_username}</arg>
<doc>Types the given ``text`` into the text field identified by ``locator``.</doc>
<msg timestamp="20221114 20:01:15.601" level="INFO">Typing text 'standard_user' into text field 'xpath://input[@placeholder="Username"]'.</msg>
<status status="PASS" starttime="20221114 20:01:15.601" endtime="20221114 20:01:15.662"/>
</kw>
<kw name="Input Text" library="SeleniumLibrary">
<arg>xpath://input[@placeholder="Password"]</arg>
<arg>${password}</arg>
<doc>Types the given ``text`` into the text field identified by ``locator``.</doc>
<msg timestamp="20221114 20:01:15.663" level="INFO">Typing text 'secret_sauce' into text field 'xpath://input[@placeholder="Password"]'.</msg>
<status status="PASS" starttime="20221114 20:01:15.662" endtime="20221114 20:01:15.728"/>
</kw>
<kw name="Click Element" library="SeleniumLibrary">
<arg>xpath://input[@value="Login"]</arg>
<doc>Click the element identified by ``locator``.</doc>
<msg timestamp="20221114 20:01:15.729" level="INFO">Clicking element 'xpath://input[@value="Login"]'.</msg>
<status status="PASS" starttime="20221114 20:01:15.729" endtime="20221114 20:01:15.801"/>
</kw>
<status status="PASS" starttime="20221114 20:01:15.600" endtime="20221114 20:01:15.802"/>
</test>
<test id="s1-t7" name="Verify Inventory Item Image, Title, Description and Price" line="68">
<kw name="verify image, title, description, price of inventory item">
<arg>${item_one_title}</arg>
<arg>${item_one_description}</arg>
<arg>${item_one_price}</arg>
<kw name="Wait Until Page Contains Element" library="SeleniumLibrary">
<arg>xpath://div[@class="peek"]</arg>
<doc>Waits until the element ``locator`` appears on the current page.</doc>
<status status="PASS" starttime="20221114 20:01:15.805" endtime="20221114 20:01:15.820"/>
</kw>
<kw name="Page Should Contain Image" library="SeleniumLibrary">
<arg>xpath://div[contains(text(), "Sauce Labs Backpack")]//parent::a//parent::div//preceding::div[1]/a/img</arg>
<doc>Verifies image identified by ``locator`` is found from current page.</doc>
<msg timestamp="20221114 20:01:15.836" level="INFO">Current page contains image 'xpath://div[contains(text(), "Sauce Labs Backpack")]//parent::a//parent::div//preceding::div[1]/a/img'.</msg>
<status status="PASS" starttime="20221114 20:01:15.820" endtime="20221114 20:01:15.836"/>
</kw>
<kw name="Element Should Be Visible" library="SeleniumLibrary">
<arg>xpath://div[contains(text(), "${ItemTitle}")]</arg>
<doc>Verifies that the element identified by ``locator`` is visible.</doc>
<msg timestamp="20221114 20:01:15.855" level="INFO">Element 'xpath://div[contains(text(), "Sauce Labs Backpack")]' is displayed.</msg>
<status status="PASS" starttime="20221114 20:01:15.836" endtime="20221114 20:01:15.855"/>
</kw>
<kw name="Element Should Be Visible" library="SeleniumLibrary">
<arg>xpath://div[contains(text(), "Sauce Labs Backpack")]//parent::a//parent::div//div[contains(text(), "${ItemDescription}")]</arg>
<doc>Verifies that the element identified by ``locator`` is visible.</doc>
<msg timestamp="20221114 20:01:15.873" level="INFO">Element 'xpath://div[contains(text(), "Sauce Labs Backpack")]//parent::a//parent::div//div[contains(text(), "carry.allTheThings() with the sleek, streamlined Sly Pack that melds uncompromising style with unequaled laptop and tablet protection.")]' is displayed.</msg>
<status status="PASS" starttime="20221114 20:01:15.855" endtime="20221114 20:01:15.873"/>
</kw>
<kw name="Get Text" library="SeleniumLibrary">
<var>${price}</var>
<arg>xpath://div[contains(text(), "Sauce Labs Backpack")]//parent::a//parent::div//parent::div//div[contains(text(), "$")]</arg>
<doc>Returns the text value of the element identified by ``locator``.</doc>
<msg timestamp="20221114 20:01:15.894" level="INFO">${price} = $29.99</msg>
<status status="PASS" starttime="20221114 20:01:15.873" endtime="20221114 20:01:15.894"/>
</kw>
<kw name="Should Be Equal As Strings" library="BuiltIn">
<arg>${price}</arg>
<arg>${ItemPrice}</arg>
<doc>Fails if objects are unequal after converting them to strings.</doc>
<status status="PASS" starttime="20221114 20:01:15.894" endtime="20221114 20:01:15.894"/>
</kw>
<status status="PASS" starttime="20221114 20:01:15.804" endtime="20221114 20:01:15.894"/>
</kw>
<status status="PASS" starttime="20221114 20:01:15.804" endtime="20221114 20:01:15.895"/>
</test>
<test id="s1-t8" name="Close browser and clear session" line="72">
<kw name="Close Browser" library="SeleniumLibrary">
<doc>Closes the current browser.</doc>
<status status="PASS" starttime="20221114 20:01:15.896" endtime="20221114 20:01:17.997"/>
</kw>
<status status="PASS" starttime="20221114 20:01:15.896" endtime="20221114 20:01:17.999"/>
</test>
<status status="PASS" starttime="20221114 20:01:12.439" endtime="20221114 20:01:18.002"/>
</suite>
<statistics>
<total>
<stat pass="8" fail="0" skip="0">All Tests</stat>
</total>
<tag>
</tag>
<suite>
<stat pass="8" fail="0" skip="0" id="s1" name="TC1">TC1</stat>
</suite>
</statistics>
<errors>
</errors>
</robot>
